2026-01-17 10:27:19 | manger
2026-01-17 10:28:05 | manger
2026-01-17 10:28:49 | manger
2026-01-17 10:36:59 | work
2026-01-17 10:48:14 | manger
2026-01-17 10:50:48 | ok
2026-01-17 11:09:17 | clope
2026-01-17 11:24:02 | ok
2026-01-17 11:37:15 | clope
2026-01-17 11:45:23 | ok
2026-01-17 12:13:31 | manger
2026-01-17 12:55:21 | ok
2026-01-17 13:35:11 | clope
2026-01-17 13:46:22 | manger
2026-01-17 13:58:11 | ok
2026-01-17 14:09:03 | clope
2026-01-17 14:28:50 | marche
2026-01-17 16:02:36 | ok
2026-01-17 21:42:35 | dodo
2026-01-18 07:30:13 | ok
2026-01-18 07:58:21 | clope
2026-01-18 08:01:28 | douche
2026-01-18 08:31:58 | clope
2026-01-18 08:44:30 | ok
2026-01-18 09:28:44 | clope
2026-01-18 09:31:59 | ok
2026-01-18 10:56:36 | clope
2026-01-18 11:06:38 | ok
2026-01-18 11:25:12 | clope
2026-01-18 11:39:07 | ok
2026-01-18 12:02:27 | marche
2026-01-18 12:53:44 | ok
2026-01-18 12:57:25 | manger
2026-01-18 14:02:33 | clope
2026-01-18 14:02:49 | ok
2026-01-18 14:53:52 | clope
2026-01-18 15:03:18 | ok
2026-01-18 15:52:08 | clope
2026-01-18 16:04:53 | ok
2026-01-18 17:19:44 | jpp
2026-01-18 17:35:50 | ok
2026-01-18 18:58:48 | manger
2026-01-18 20:07:38 | ok
2026-01-18 20:08:18 | clope
2026-01-18 20:08:20 | ok
2026-01-18 20:17:29 | jpp
2026-01-18 21:47:17 | douche
2026-01-18 21:47:23 | dodo
2026-01-19 06:53:39 | douche
2026-01-19 10:15:53 | ok
2026-01-19 12:24:07 | clope
2026-01-19 12:24:12 | clope
2026-01-19 12:24:15 | ok
2026-01-19 20:58:19 | clope
2026-01-19 20:58:20 | clope
2026-01-19 20:58:23 | ok
2026-01-19 20:59:03 | clope
2026-01-19 20:59:04 | clope
2026-01-19 20:59:05 | clope
2026-01-19 20:59:06 | clope
2026-01-19 20:59:17 | jpp
2026-01-19 21:23:01 | dodo
2026-01-20 03:40:18 | douche
2026-01-20 04:14:32 | ok
2026-01-20 04:15:35 | clope
2026-01-20 04:15:40 | ok
2026-01-20 05:28:18 | clope
2026-01-20 05:28:20 | ok
2026-01-20 06:25:34 | clope
2026-01-20 07:04:42 | marche
2026-01-20 08:19:29 | ok
2026-01-20 09:25:11 | clope
2026-01-20 09:34:46 | douche
2026-01-20 10:10:43 | ok
2026-01-20 10:40:49 | manger
2026-01-20 11:16:09 | ok
2026-01-20 11:18:20 | clope
2026-01-20 11:18:24 | ok
2026-01-20 12:05:16 | clope
2026-01-20 12:11:20 | ok
2026-01-20 12:49:36 | clope
2026-01-20 12:59:21 | ok
2026-01-20 14:53:00 | clope
2026-01-20 15:45:31 | ok
2026-01-20 16:33:09 | clope
2026-01-20 16:33:32 | ok
2026-01-20 16:57:07 | clope
2026-01-20 17:19:34 | ok
2026-01-20 21:47:33 | jpp
2026-01-20 23:58:22 | dodo
2026-01-21 08:20:35 | douche
2026-01-21 11:03:53 | ok
2026-01-21 14:04:01 | jpp
2026-01-21 15:22:27 | ok
2026-01-21 15:32:41 | clope
2026-01-21 15:32:43 | ok
2026-01-21 17:02:20 | clope
2026-01-21 17:22:07 | ok
2026-01-21 18:39:39 | clope
2026-01-21 18:39:41 | ok
2026-01-21 19:24:11 | clope
2026-01-21 21:12:10 | manger
2026-01-21 21:12:19 | ok
2026-01-22 00:10:19 | clope
2026-01-22 00:53:50 | jpp
2026-01-22 08:33:28 | douche
2026-01-22 10:19:50 | clope
2026-01-22 10:20:02 | jpp
2026-01-22 10:20:04 | clope
2026-01-22 10:20:13 | jpp
2026-01-22 10:20:15 | clope
2026-01-22 10:49:00 | ok
2026-01-22 11:14:12 | clope
2026-01-22 12:58:51 | ok
2026-01-22 13:21:07 | clope
2026-01-22 13:39:57 | ok
2026-01-22 14:21:06 | clope
2026-01-22 14:21:07 | ok
2026-01-22 17:07:22 | ok
2026-01-22 17:07:27 | clope
2026-01-22 17:07:29 | ok
2026-01-22 20:22:40 | ok
2026-01-22 20:22:42 | clope
2026-01-22 20:22:44 | ok
2026-01-22 21:21:37 | jpp
2026-01-22 21:27:05 | dodo
2026-01-23 07:10:14 | douche
2026-01-23 07:40:52 | ok
2026-01-23 08:30:46 | clope
2026-01-23 11:44:36 | clope
2026-01-23 11:44:48 | marche
2026-01-23 11:44:50 | clope
2026-01-23 11:44:52 | manger
2026-01-23 11:44:53 | clope
2026-01-23 11:44:53 | manger
2026-01-23 11:44:54 | clope
2026-01-23 13:01:33 | clope
2026-01-23 13:01:47 | ok
2026-01-23 13:36:46 | clope
2026-01-23 13:36:51 | ok
2026-01-23 18:03:40 | clope
2026-01-23 18:03:41 | ok
2026-01-23 23:43:18 | jpp
2026-01-24 08:14:19 | ok
2026-01-24 08:14:53 | douche
2026-01-24 09:17:54 | clope
2026-01-24 12:36:42 | clope
2026-01-24 12:36:47 | manger
2026-01-24 12:36:49 | clope
2026-01-24 12:36:59 | ok
2026-01-24 12:58:45 | clope
2026-01-24 12:58:52 | ok
2026-01-24 12:58:53 | clope
2026-01-24 12:58:56 | ok
2026-01-24 12:58:57 | clope
2026-01-24 13:11:47 | ok
2026-01-24 13:22:58 | clope
2026-01-24 13:53:45 | ok
2026-01-24 14:46:23 | clope
2026-01-24 14:55:08 | ok
2026-01-24 15:48:30 | clope
2026-01-24 15:48:35 | ok
2026-01-24 16:53:08 | clope
2026-01-24 16:53:10 | ok
2026-01-24 18:14:57 | clope
2026-01-24 18:14:59 | ok
2026-01-24 18:50:19 | clope
2026-01-24 18:58:17 | ok
2026-01-24 23:30:09 | clope
2026-01-24 23:30:23 | jpp
2026-01-25 00:12:57 | dodo
2026-01-25 08:34:30 | douche
2026-01-25 10:25:48 | clope
2026-01-25 10:25:55 | douche
2026-01-25 10:25:56 | clope
2026-01-25 10:25:58 | ok
2026-01-25 11:12:58 | clope
2026-01-25 11:13:01 | ok
2026-01-25 12:05:00 | clope
2026-01-25 12:05:01 | ok
2026-01-25 19:13:38 | clope
2026-01-25 19:13:39 | manger
2026-01-25 19:13:40 | clope
2026-01-25 19:13:41 | manger
2026-01-25 19:13:42 | clope
2026-01-25 19:13:43 | manger
2026-01-25 19:13:43 | clope
2026-01-25 19:13:48 | manger
2026-01-26 05:07:27 | douche
2026-01-26 06:28:42 | clope
2026-01-26 06:28:45 | ok
2026-01-26 07:13:54 | clope
2026-01-26 07:20:49 | ok
2026-01-26 08:54:58 | clope
2026-01-26 08:59:09 | marche
2026-01-26 09:56:20 | clope
2026-01-26 09:56:22 | ok
2026-01-26 11:09:36 | manger
2026-01-26 12:26:56 | ok
2026-01-26 12:28:42 | clope
2026-01-26 12:28:44 | ok
2026-01-26 12:52:00 | clope
2026-01-26 12:59:00 | ok
2026-01-26 13:38:34 | clope
2026-01-26 13:48:40 | ok
2026-01-26 14:38:21 | clope
2026-01-26 14:38:23 | ok
2026-01-26 15:43:23 | clope
2026-01-26 15:43:27 | ok
2026-01-26 17:04:16 | jpp
2026-01-26 17:54:33 | clope
2026-01-26 17:54:35 | ok
2026-01-26 19:34:59 | manger
2026-01-26 20:17:46 | jpp
2026-01-26 20:25:26 | dodo
2026-01-27 05:14:30 | douche
2026-01-27 06:01:56 | clope
2026-01-27 06:02:00 | ok
2026-01-27 06:22:25 | clope
2026-01-27 06:25:39 | ok
2026-01-27 06:49:58 | clope
2026-01-27 07:04:24 | manger
2026-01-27 07:35:37 | clope
2026-01-27 07:35:39 | douche
2026-01-27 08:19:12 | clope
2026-01-27 08:28:40 | ok
2026-01-27 08:39:57 | marche
2026-01-27 09:35:35 | ok
2026-01-27 09:48:30 | clope
2026-01-27 10:35:31 | jpp
2026-01-27 11:24:53 | clope
2026-01-27 11:27:42 | marche
2026-01-27 12:44:11 | manger
2026-01-27 13:08:40 | ok
2026-01-27 13:50:25 | marche
2026-01-27 13:59:07 | clope
2026-01-27 13:59:17 | jpp
2026-01-27 14:06:55 | ok
2026-01-27 14:58:16 | clope
2026-01-27 15:50:07 | ok
2026-01-27 15:50:10 | clope
2026-01-27 15:50:11 | ok
2026-01-27 16:24:52 | ok
2026-01-27 16:54:20 | clope
2026-01-27 17:00:49 | ok
2026-01-27 17:25:40 | clope
2026-01-27 17:36:11 | ok
2026-01-27 18:20:20 | clope
2026-01-27 18:20:24 | ok
2026-01-27 20:05:12 | manger
2026-01-27 20:28:18 | clope
2026-01-27 21:37:29 | ok
2026-01-27 22:26:46 | glandouille
2026-01-27 23:05:31 | ok
2026-01-28 01:14:59 | glandouille
2026-01-28 01:21:15 | dodo
2026-01-28 08:36:01 | reveille
2026-01-28 09:26:58 | clope
2026-01-28 09:27:02 | ok
2026-01-28 09:53:46 | douche
2026-01-28 10:21:59 | ok
2026-01-28 10:46:53 | clope
2026-01-28 10:59:40 | ok
2026-01-28 11:34:33 | clope
2026-01-28 11:43:23 | ok
2026-01-28 12:13:25 | clope
2026-01-28 12:20:35 | ok
2026-01-28 13:33:47 | clope
2026-01-28 13:34:03 | manger
2026-01-28 13:34:04 | clope
2026-01-28 13:34:06 | manger
2026-01-28 13:45:24 | marche
2026-01-28 17:12:37 | clope
2026-01-28 17:13:37 | ok
2026-01-28 17:18:16 | clope
2026-01-28 17:26:53 | glandouille
2026-01-28 17:57:45 | ok
2026-01-28 18:26:29 | clope
2026-01-28 18:47:07 | ok
2026-01-28 21:42:28 | clope
2026-01-28 21:42:30 | ok
2026-01-28 22:01:13 | clope
2026-01-28 22:01:14 | ok
2026-01-28 22:05:38 | glandouille
2026-01-28 22:21:30 | ok
2026-01-28 23:42:05 | clope
2026-01-28 23:42:08 | glandouille
2026-01-29 00:59:27 | jpp
2026-01-29 08:19:35 | reveille
2026-01-29 09:05:26 | clope
2026-01-29 09:52:17 | clope
2026-01-29 09:52:21 | ok
2026-01-29 11:04:39 | clope
2026-01-29 11:06:15 | ok
2026-01-29 11:20:37 | manger
2026-01-29 11:44:32 | glandouille
2026-01-29 12:37:16 | ok
2026-01-29 13:50:43 | clope
2026-01-29 13:50:45 | ok
2026-01-29 14:06:57 | ok
2026-01-29 14:55:36 | clope
2026-01-29 15:02:53 | ok
2026-01-29 15:54:55 | clope
2026-01-29 15:54:58 | ok
2026-01-29 18:41:50 | clope
2026-01-29 18:41:58 | ok
2026-01-29 19:32:24 | glandouille
2026-01-29 21:16:56 | ok
2026-01-30 03:00:58 | glandouille
2026-01-30 03:21:49 | dodo
2026-01-30 09:53:22 | reveille
2026-01-30 10:22:32 | clope
2026-01-30 10:22:42 | douche
2026-01-30 10:37:17 | clope
2026-01-30 11:02:11 | marche
2026-01-30 12:38:28 | clope
2026-01-30 12:46:53 | glandouille
2026-01-30 12:52:34 | ok
2026-01-30 13:07:07 | manger
2026-01-30 14:44:14 | clope
2026-01-30 14:44:19 | ok
2026-01-30 14:44:21 | clope
2026-01-30 14:45:14 | ok
2026-01-30 15:23:49 | clope
2026-01-30 15:45:03 | ok
2026-01-30 17:29:35 | clope
2026-01-30 17:54:52 | ok
2026-01-30 18:32:02 | clope
2026-01-30 18:32:06 | ok
2026-01-30 19:20:53 | clope
2026-01-30 19:20:58 | ok
2026-01-30 20:53:29 | clope
2026-01-30 21:05:21 | ok
2026-01-30 21:25:54 | clope
2026-01-30 21:35:37 | ok
2026-01-30 22:40:39 | clope
2026-01-30 22:40:57 | ok
2026-01-30 23:41:41 | clope
2026-01-31 01:15:13 | clope
2026-01-31 01:25:33 | dodo
2026-01-31 10:03:48 | reveille
2026-01-31 10:35:21 | douche
2026-01-31 10:45:45 | clope
2026-01-31 10:50:52 | ok
2026-01-31 11:37:52 | clope
2026-01-31 11:46:52 | ok
2026-01-31 12:16:49 | douche
2026-01-31 12:41:10 | clope
2026-01-31 12:51:37 | ok
2026-01-31 13:33:40 | clope
2026-01-31 13:42:59 | ok
2026-01-31 14:26:24 | clope
2026-01-31 14:34:56 | ok
2026-01-31 15:07:10 | clope
2026-01-31 15:13:25 | ok
2026-01-31 15:18:15 | marche
2026-01-31 15:18:19 | work
2026-01-31 16:16:02 | marche
2026-01-31 17:27:33 | clope
2026-01-31 17:34:54 | glandouille
2026-01-31 17:49:50 | work
2026-01-31 18:06:16 | manger
2026-01-31 18:10:19 | work
2026-01-31 18:29:41 | clope
2026-01-31 18:39:07 | work
2026-01-31 18:45:06 | work
2026-01-31 19:16:10 | clope
2026-01-31 19:26:26 | work
2026-01-31 19:50:38 | manger
2026-01-31 20:27:03 | clope
2026-01-31 20:27:26 | work
2026-01-31 21:14:13 | clope
2026-01-31 21:23:03 | work
2026-01-31 21:44:10 | clope
2026-01-31 21:51:00 | work
2026-01-31 22:41:01 | clope
2026-01-31 22:47:48 | work
2026-01-31 23:01:02 | clope
2026-01-31 23:05:42 | work
2026-02-01 00:11:05 | clope
2026-02-01 00:19:04 | work
2026-02-01 00:33:24 | clope
2026-02-01 00:35:45 | glandouille
2026-02-01 01:29:11 | clope
2026-02-01 01:29:18 | work
2026-02-01 01:45:12 | clope
2026-02-01 02:17:08 | work
2026-02-01 02:40:00 | clope
2026-02-01 02:57:52 | manger
2026-02-01 03:10:44 | work
2026-02-01 03:18:53 | glandouille
2026-02-01 03:23:59 | dodo
2026-02-01 09:35:14 | reveille
2026-02-01 10:09:45 | douche
2026-02-01 10:53:08 | clope
2026-02-01 11:04:40 | marche
2026-02-01 12:15:46 | clope
2026-02-01 12:24:35 | glandouille
2026-02-01 13:58:13 | clope
2026-02-01 14:07:35 | glandouille
2026-02-01 14:07:36 | clope
2026-02-01 14:07:38 | glandouille
2026-02-01 14:07:40 | clope
2026-02-01 14:18:56 | glandouille
2026-02-01 14:37:29 | work
2026-02-01 14:47:28 | work
2026-02-01 14:47:28 | work
2026-02-01 14:47:28 | work
2026-02-01 15:06:08 | clope
2026-02-01 15:14:47 | work
2026-02-01 16:04:28 | clope
2026-02-01 16:15:30 | work
2026-02-01 17:16:00 | clope
2026-02-01 17:23:35 | work
2026-02-01 17:48:27 | clope
2026-02-01 17:56:28 | work
2026-02-01 19:07:19 | clope
2026-02-01 19:26:31 | work
2026-02-01 20:09:44 | clope
2026-02-01 20:22:54 | work
2026-02-01 20:26:36 | manger
2026-02-01 21:23:18 | work
2026-02-01 22:11:25 | clope
2026-02-01 22:11:27 | work
2026-02-01 22:12:01 | glandouille
2026-02-01 22:17:10 | clope
2026-02-01 22:27:33 | glandouille
2026-02-02 00:35:06 | dodo
2026-02-02 08:25:08 | reveille
2026-02-02 08:56:11 | douche
2026-02-02 09:17:14 | marche
2026-02-02 09:47:51 | clope
2026-02-02 09:57:52 | work
2026-02-02 10:27:56 | clope
2026-02-02 10:37:35 | work
2026-02-02 11:03:00 | clope
2026-02-02 11:15:33 | work
2026-02-02 11:48:06 | clope
2026-02-02 11:56:29 | manger
2026-02-02 12:24:11 | marche
2026-02-02 13:34:33 | clope
2026-02-02 13:41:49 | work
2026-02-02 14:27:25 | clope
2026-02-02 14:37:04 | work
2026-02-02 15:06:27 | clope
2026-02-02 15:17:38 | work
2026-02-02 16:42:37 | clope
2026-02-02 16:50:17 | glandouille
2026-02-02 17:44:39 | clope
2026-02-02 17:44:41 | work
2026-02-02 18:04:20 | glandouille
2026-02-02 18:22:56 | clope
2026-02-02 18:24:08 | work
2026-02-02 19:49:09 | manger
2026-02-02 20:24:38 | manger
2026-02-02 20:24:43 | clope
2026-02-02 20:24:49 | work
2026-02-02 21:01:04 | clope
2026-02-02 21:15:19 | work
2026-02-02 22:45:06 | clope
2026-02-02 22:45:16 | work
2026-02-02 23:48:56 | clope
2026-02-02 23:49:01 | glandouille
2026-02-02 23:58:15 | glandouille
2026-02-03 00:15:25 | work
2026-02-03 00:35:59 | dodo
2026-02-03 08:50:35 | reveille
2026-02-03 09:19:56 | marche
2026-02-03 10:18:52 | clope
2026-02-03 10:29:55 | glandouille
2026-02-03 10:55:26 | clope
2026-02-03 11:06:43 | work
2026-02-03 11:50:49 | clope
2026-02-03 11:59:21 | menage
2026-02-03 12:33:41 | clope
2026-02-03 12:33:43 | work
2026-02-03 13:46:40 | clope
2026-02-03 13:54:41 | work
2026-02-03 13:56:29 | work
2026-02-03 14:38:27 | clope
2026-02-03 14:47:42 | work
2026-02-03 15:15:22 | menage
2026-02-03 15:58:15 | clope
2026-02-03 15:58:16 | work
2026-02-03 17:18:26 | clope
2026-02-03 17:24:59 | work
2026-02-03 18:28:40 | clope
2026-02-03 18:39:02 | work
2026-02-03 18:39:11 | glandouille
2026-02-03 18:51:27 | work
2026-02-03 19:20:33 | clope
2026-02-03 19:26:43 | work
2026-02-03 19:33:26 | manger
2026-02-03 20:26:38 | clope
2026-02-03 20:45:57 | work
2026-02-03 20:45:59 | clope
2026-02-03 21:38:45 | work
2026-02-03 21:59:06 | clope
2026-02-03 22:28:14 | work
2026-02-03 22:28:15 | clope
2026-02-03 22:28:30 | work
2026-02-03 23:17:44 | clope
2026-02-03 23:30:51 | work
2026-02-03 23:45:58 | work
2026-02-03 23:48:32 | work
2026-02-03 23:49:48 | work
2026-02-03 23:50:52 | work
2026-02-03 23:56:54 | work
2026-02-04 01:43:16 | clope
2026-02-04 01:43:25 | work
2026-02-04 03:13:47 | clope
2026-02-04 03:13:54 | work
2026-02-04 03:30:24 | manger
2026-02-04 03:42:16 | dodo
2026-02-04 10:14:48 | reveille
2026-02-04 10:47:42 | work
2026-02-04 11:09:41 | douche
2026-02-04 11:23:53 | menage
2026-02-04 11:45:23 | clope
2026-02-04 12:00:30 | work
2026-02-04 12:16:23 | clope
2026-02-04 12:30:57 | work
2026-02-04 13:15:03 | work
2026-02-04 13:16:33 | clope
2026-02-04 13:26:19 | work
2026-02-04 13:28:08 | marche
2026-02-04 14:34:29 | menage
2026-02-04 14:44:22 | clope
2026-02-04 14:55:44 | menage
2026-02-04 16:00:26 | clope
2026-02-04 16:00:28 | clope
2026-02-04 16:00:34 | menage
2026-02-04 17:02:42 | clope
2026-02-04 17:16:50 | glandouille
2026-02-04 17:20:01 | work
2026-02-04 17:43:01 | clope
2026-02-04 18:13:39 | work
2026-02-04 19:13:17 | glandouille
2026-02-04 20:03:58 | work
2026-02-04 20:05:32 | manger
2026-02-04 20:30:07 | work
2026-02-04 20:30:15 | clope
2026-02-04 20:30:19 | work
2026-02-04 21:14:43 | clope
2026-02-04 21:41:22 | clope
2026-02-04 21:41:34 | work
2026-02-07 09:56:21 | reveille
2026-02-07 10:16:17 | work
2026-02-07 11:03:46 | douche
2026-02-07 11:13:23 | work
2026-02-07 11:32:47 | clope
2026-02-07 11:39:56 | marche
2026-02-07 12:28:07 | clope
2026-02-07 12:35:38 | work
2026-02-07 13:08:40 | clope
2026-02-07 13:14:59 | work
2026-02-07 14:10:16 | clope
2026-02-07 14:25:46 | work
2026-02-07 14:33:00 | work
2026-02-07 15:50:31 | clope
2026-02-07 15:59:08 | work
2026-02-07 18:03:08 | clope
2026-02-07 18:43:20 | work
2026-02-07 18:58:30 | clope
2026-02-07 19:05:45 | work
2026-02-07 19:38:19 | manger
2026-02-07 20:15:42 | work
2026-02-07 21:19:49 | clope
2026-02-07 21:44:06 | clope
2026-02-07 22:22:20 | work
2026-02-07 22:45:10 | clope
2026-02-07 22:45:12 | work
2026-02-08 00:16:50 | clope
2026-02-08 00:38:44 | work
2026-02-08 02:00:42 | glandouille
2026-02-08 02:36:59 | clope
2026-02-08 02:54:16 | glandouille
2026-02-08 03:01:06 | clope
2026-02-08 03:51:10 | dodo
2026-02-08 10:45:23 | reveille
2026-02-08 12:11:35 | work
2026-02-08 12:23:11 | clope
2026-02-08 12:31:24 | work
2026-02-08 13:04:35 | clope
2026-02-08 13:06:48 | glandouille
2026-02-08 13:11:33 | work
2026-02-08 13:13:50 | manger
2026-02-08 14:22:07 | clope
2026-02-08 14:26:38 | work
2026-02-08 14:36:35 | marche
2026-02-08 15:49:28 | clope
2026-02-08 15:58:17 | work
2026-02-08 16:38:47 | douche
2026-02-08 16:57:08 | work
2026-02-08 18:33:53 | clope
2026-02-08 18:34:05 | work
2026-02-08 18:55:12 | clope
2026-02-08 19:00:59 | work
2026-02-08 20:49:09 | manger
2026-02-08 21:24:29 | clope
2026-02-08 22:24:15 | work
2026-02-08 22:24:16 | clope
2026-02-08 22:24:22 | work
2026-02-08 23:33:37 | clope
2026-02-08 23:34:02 | work
2026-02-09 00:25:19 | clope
2026-02-09 00:25:26 | work
2026-02-09 01:11:06 | clope
2026-02-09 01:11:11 | glandouille
2026-02-09 02:25:26 | dodo
2026-02-09 09:03:12 | reveille
2026-02-09 09:48:02 | menage
2026-02-09 10:15:14 | douche
2026-02-09 10:28:51 | menage
2026-02-09 10:46:57 | clope
2026-02-09 10:55:56 | marche
2026-02-09 12:25:35 | sport
2026-02-09 13:46:01 | clope
2026-02-09 13:46:03 | manger
2026-02-09 13:46:08 | douche
2026-02-09 13:46:13 | work
2026-02-09 14:14:59 | clope
2026-02-09 14:31:26 | work
2026-02-09 16:30:39 | clope
2026-02-09 16:43:23 | clope
2026-02-09 17:35:53 | work
2026-02-09 18:27:16 | clope
2026-02-09 18:27:17 | work
2026-02-09 18:29:06 | menage
2026-02-09 18:30:34 | work
2026-02-09 19:27:37 | manger
2026-02-09 20:50:56 | work
2026-02-09 20:57:11 | clope
2026-02-09 20:57:16 | work
2026-02-09 20:57:20 | clope
2026-02-09 21:09:58 | work
2026-02-09 22:01:05 | clope
2026-02-09 22:01:08 | work
2026-02-10 00:55:37 | clope
2026-02-10 02:28:22 | clope
2026-02-10 02:48:58 | clope
2026-02-10 02:49:00 | glandouille
2026-02-10 03:02:54 | dodo
2026-02-10 08:45:35 | reveille
2026-02-10 09:46:51 | douche
2026-02-10 10:09:58 | work
2026-02-10 10:33:11 | clope
2026-02-10 10:43:46 | work
2026-02-10 10:47:41 | clope
2026-02-10 11:00:07 | work
2026-02-10 11:53:17 | glandouille
2026-02-10 12:10:04 | clope
2026-02-10 12:19:51 | work
2026-02-10 12:28:17 | marche
2026-02-10 13:35:36 | clope
2026-02-10 13:36:18 | work
2026-02-10 14:12:29 | clope
2026-02-10 14:12:45 | work
2026-02-10 14:40:45 | clope
2026-02-10 14:49:45 | work
2026-02-10 15:02:15 | clope
2026-02-10 15:11:30 | work
2026-02-10 16:42:29 | clope
2026-02-10 16:42:35 | menage
2026-02-10 17:19:49 | clope
2026-02-10 18:19:14 | clope
2026-02-10 18:25:42 | work
2026-02-10 20:30:23 | clope
2026-02-10 20:30:31 | work
2026-02-10 22:27:12 | clope
2026-02-10 22:27:16 | work
2026-02-10 23:38:29 | clope
2026-02-10 23:38:46 | work
2026-02-11 00:18:51 | clope
2026-02-11 01:03:19 | work
2026-02-11 01:03:20 | clope
2026-02-11 01:03:25 | work
2026-02-11 02:34:56 | clope
2026-02-11 02:34:59 | work
2026-02-11 03:36:57 | dodo
2026-02-11 08:57:05 | reveille
2026-02-11 08:57:05 | reveille
2026-02-11 08:57:22 | reveille
2026-02-11 08:59:59 | douche
2026-02-11 09:15:10 | reveille
2026-02-11 09:21:16 | marche
2026-02-11 10:20:11 | work
2026-02-11 10:49:11 | clope
2026-02-11 11:20:25 | clope
2026-02-11 11:20:29 | work
2026-02-11 12:26:47 | clope
2026-02-11 12:26:53 | manger
2026-02-11 12:42:41 | glandouille
2026-02-11 14:07:36 | clope
2026-02-11 14:07:38 | marche
2026-02-11 15:06:47 | glandouille
2026-02-11 15:11:54 | work
2026-02-11 15:43:40 | menage
2026-02-11 16:07:44 | clope
2026-02-11 16:18:03 | work
2026-02-11 17:15:37 | clope
2026-02-11 17:21:12 | work
2026-02-11 19:37:58 | clope
2026-02-11 19:37:59 | clope
2026-02-11 19:38:23 | manger
2026-02-11 20:16:10 | work
2026-02-11 20:43:49 | clope
2026-02-11 20:44:29 | work
2026-02-11 23:09:17 | clope
2026-02-11 23:09:25 | glandouille
2026-02-12 07:56:27 | reveille
2026-02-12 09:24:29 | work
2026-02-12 09:51:29 | clope
2026-02-12 10:06:01 | work
2026-02-12 10:26:53 | douche
2026-02-12 11:10:53 | work
2026-02-12 11:50:29 | clope
2026-02-12 12:01:59 | manger
2026-02-12 13:04:30 | clope
2026-02-12 13:04:32 | clope
2026-02-12 13:04:35 | work
2026-02-12 15:57:32 | clope
2026-02-12 15:57:34 | clope
2026-02-12 15:57:37 | work
2026-02-12 17:09:33 | clope
2026-02-12 17:09:34 | clope
2026-02-12 17:09:34 | clope
2026-02-12 17:09:36 | menage
2026-02-12 17:32:51 | work
2026-02-12 17:43:57 | menage
2026-02-12 17:43:59 | clope
2026-02-12 17:44:01 | clope
2026-02-12 17:44:02 | menage
2026-02-12 18:17:50 | glandouille
2026-02-12 18:39:23 | work
2026-02-12 23:24:53 | work
2026-02-13 00:17:27 | clope
2026-02-13 00:17:34 | clope
2026-02-13 00:56:15 | glandouille
2026-02-13 01:40:04 | dodo
2026-02-13 08:32:21 | reveille
2026-02-13 09:41:41 | work
2026-02-13 10:32:10 | clope
2026-02-13 10:43:40 | work
2026-02-13 11:18:27 | clope
2026-02-13 11:29:44 | work
2026-02-13 11:32:37 | marche
2026-02-13 12:28:44 | clope
2026-02-13 12:38:04 | work
