2026-01-29 19:01:02 | attempt type=beer n=1
2026-01-29 19:01:03 | ok type=beer n=1 line=2026-01-29 19:01:02,2026-01-29,0,1,0
2026-01-29 19:32:17 | attempt type=strong n=1
2026-01-29 19:32:17 | ok type=strong n=1 line=2026-01-29 19:32:17,2026-01-29,0,0,1
2026-01-29 21:46:14 | attempt type=strong n=1
2026-01-29 21:46:14 | ok type=strong n=1 line=2026-01-29 21:46:14,2026-01-29,0,0,1
2026-01-30 00:12:09 | attempt type=wine n=1
2026-01-30 00:12:09 | ok type=wine n=1 line=2026-01-30 00:12:09,2026-01-29,1,0,0
2026-01-30 01:41:19 | attempt type=wine n=1
2026-01-30 01:41:19 | ok type=wine n=1 line=2026-01-30 01:41:19,2026-01-29,1,0,0
2026-01-30 16:06:02 | attempt type=strong n=1
2026-01-30 16:06:02 | ok type=strong n=1 line=2026-01-30 16:06:02,2026-01-30,0,0,1
2026-01-30 17:54:47 | attempt type=wine n=1
2026-01-30 17:54:47 | ok type=wine n=1 line=2026-01-30 17:54:47,2026-01-30,1,0,0
2026-01-30 17:54:54 | attempt type=wine n=1
2026-01-30 17:54:54 | ok type=wine n=1 line=2026-01-30 17:54:54,2026-01-30,1,0,0
2026-01-30 18:31:58 | attempt type=wine n=1
2026-01-30 18:31:58 | ok type=wine n=1 line=2026-01-30 18:31:58,2026-01-30,1,0,0
2026-01-30 18:32:03 | attempt type=beer n=1
2026-01-30 18:32:03 | ok type=beer n=1 line=2026-01-30 18:32:03,2026-01-30,0,1,0
2026-01-30 20:53:01 | attempt type=wine n=1
2026-01-30 20:53:01 | ok type=wine n=1 line=2026-01-30 20:53:01,2026-01-30,1,0,0
2026-01-30 20:53:04 | attempt type=wine n=1
2026-01-30 20:53:04 | ok type=wine n=1 line=2026-01-30 20:53:04,2026-01-30,1,0,0
2026-01-30 20:53:05 | attempt type=wine n=1
2026-01-30 20:53:05 | ok type=wine n=1 line=2026-01-30 20:53:05,2026-01-30,1,0,0
2026-01-30 21:35:35 | attempt type=wine n=1
2026-01-30 21:35:35 | ok type=wine n=1 line=2026-01-30 21:35:35,2026-01-30,1,0,0
2026-01-30 22:40:42 | attempt type=strong n=1
2026-01-30 22:40:42 | ok type=strong n=1 line=2026-01-30 22:40:42,2026-01-30,0,0,1
2026-01-30 23:41:43 | attempt type=strong n=1
2026-01-30 23:41:43 | ok type=strong n=1 line=2026-01-30 23:41:43,2026-01-30,0,0,1
2026-01-31 18:45:22 | attempt type=strong n=1
2026-01-31 18:45:22 | ok type=strong n=1 line=2026-01-31 18:45:22,2026-01-31,0,0,1
2026-01-31 20:27:00 | attempt type=wine n=1
2026-01-31 20:27:00 | ok type=wine n=1 line=2026-01-31 20:27:00,2026-01-31,1,0,0
2026-01-31 20:27:05 | attempt type=wine n=1
2026-01-31 20:27:05 | ok type=wine n=1 line=2026-01-31 20:27:05,2026-01-31,1,0,0
2026-01-31 20:27:06 | attempt type=wine n=1
2026-01-31 20:27:06 | ok type=wine n=1 line=2026-01-31 20:27:06,2026-01-31,1,0,0
2026-01-31 21:44:12 | attempt type=wine n=1
2026-01-31 21:44:12 | ok type=wine n=1 line=2026-01-31 21:44:12,2026-01-31,1,0,0
2026-01-31 22:04:06 | attempt type=strong n=1
2026-01-31 22:04:06 | ok type=strong n=1 line=2026-01-31 22:04:06,2026-01-31,0,0,1
2026-02-01 00:33:26 | attempt type=strong n=1
2026-02-01 00:33:26 | ok type=strong n=1 line=2026-02-01 00:33:26,2026-01-31,0,0,1
2026-02-01 15:14:43 | attempt type=wine n=1
2026-02-01 15:14:43 | ok type=wine n=1 line=2026-02-01 15:14:43,2026-02-01,1,0,0
2026-02-01 15:50:56 | attempt type=wine n=1
2026-02-01 15:50:56 | ok type=wine n=1 line=2026-02-01 15:50:56,2026-02-01,1,0,0
2026-02-01 16:38:31 | attempt type=wine n=1
2026-02-01 16:38:31 | ok type=wine n=1 line=2026-02-01 16:38:31,2026-02-01,1,0,0
2026-02-01 17:48:03 | attempt type=wine n=1
2026-02-01 17:48:03 | ok type=wine n=1 line=2026-02-01 17:48:03,2026-02-01,1,0,0
2026-02-01 19:32:23 | attempt type=strong n=1
2026-02-01 19:32:23 | ok type=strong n=1 line=2026-02-01 19:32:23,2026-02-01,0,0,1
2026-02-01 22:32:12 | attempt type=strong n=1
2026-02-01 22:32:12 | ok type=strong n=1 line=2026-02-01 22:32:12,2026-02-01,0,0,1
2026-02-02 16:50:52 | attempt type=strong n=1
2026-02-02 16:50:52 | ok type=strong n=1 line=2026-02-02 16:50:52,2026-02-02,0,0,1
2026-02-02 18:22:58 | attempt type=strong n=1
2026-02-02 18:22:58 | ok type=strong n=1 line=2026-02-02 18:22:58,2026-02-02,0,0,1
2026-02-02 21:01:08 | attempt type=wine n=1
2026-02-02 21:01:08 | ok type=wine n=1 line=2026-02-02 21:01:08,2026-02-02,1,0,0
2026-02-02 21:01:09 | attempt type=wine n=1
2026-02-02 21:01:09 | ok type=wine n=1 line=2026-02-02 21:01:09,2026-02-02,1,0,0
2026-02-02 21:01:13 | attempt type=wine n=1
2026-02-02 21:01:13 | ok type=wine n=1 line=2026-02-02 21:01:13,2026-02-02,1,0,0
2026-02-02 22:45:08 | attempt type=strong n=1
2026-02-02 22:45:08 | ok type=strong n=1 line=2026-02-02 22:45:08,2026-02-02,0,0,1
2026-02-03 17:25:00 | attempt type=strong n=1
2026-02-03 17:25:00 | ok type=strong n=1 line=2026-02-03 17:25:00,2026-02-03,0,0,1
2026-02-03 18:45:50 | attempt type=beer n=1
2026-02-03 18:45:50 | ok type=beer n=1 line=2026-02-03 18:45:50,2026-02-03,0,1,0
2026-02-03 19:29:10 | attempt type=beer n=1
2026-02-03 19:29:10 | ok type=beer n=1 line=2026-02-03 19:29:10,2026-02-03,0,1,0
2026-02-03 20:26:47 | attempt type=wine n=1
2026-02-03 20:26:47 | ok type=wine n=1 line=2026-02-03 20:26:47,2026-02-03,1,0,0
2026-02-03 20:26:49 | attempt type=beer n=1
2026-02-03 20:26:49 | ok type=beer n=1 line=2026-02-03 20:26:49,2026-02-03,0,1,0
2026-02-03 22:28:17 | attempt type=strong n=1
2026-02-03 22:28:17 | ok type=strong n=1 line=2026-02-03 22:28:17,2026-02-03,0,0,1
2026-02-03 22:28:25 | attempt type=beer n=1
2026-02-03 22:28:25 | ok type=beer n=1 line=2026-02-03 22:28:25,2026-02-03,0,1,0
2026-02-04 01:43:17 | attempt type=beer n=1
2026-02-04 01:43:17 | ok type=beer n=1 line=2026-02-04 01:43:17,2026-02-03,0,1,0
2026-02-04 18:50:24 | attempt type=beer n=1
2026-02-04 18:50:24 | ok type=beer n=1 line=2026-02-04 18:50:24,2026-02-04,0,1,0
2026-02-04 19:39:46 | attempt type=beer n=1
2026-02-04 19:39:46 | ok type=beer n=1 line=2026-02-04 19:39:46,2026-02-04,0,1,0
2026-02-04 20:30:12 | attempt type=wine n=1
2026-02-04 20:30:12 | ok type=wine n=1 line=2026-02-04 20:30:12,2026-02-04,1,0,0
2026-02-04 20:35:34 | attempt type=beer n=1
2026-02-04 20:35:34 | ok type=beer n=1 line=2026-02-04 20:35:34,2026-02-04,0,1,0
2026-02-04 21:41:24 | attempt type=strong n=1
2026-02-04 21:41:24 | ok type=strong n=1 line=2026-02-04 21:41:24,2026-02-04,0,0,1
2026-02-04 22:15:22 | attempt type=beer n=1
2026-02-04 22:15:22 | ok type=beer n=1 line=2026-02-04 22:15:22,2026-02-04,0,1,0
2026-02-07 18:45:58 | attempt type=beer n=1
2026-02-07 18:45:58 | ok type=beer n=1 line=2026-02-07 18:45:58,2026-02-07,0,1,0
2026-02-07 19:36:10 | attempt type=beer n=1
2026-02-07 19:36:10 | ok type=beer n=1 line=2026-02-07 19:36:10,2026-02-07,0,1,0
2026-02-07 19:36:14 | attempt type=beer n=1
2026-02-07 19:36:14 | ok type=beer n=1 line=2026-02-07 19:36:14,2026-02-07,0,1,0
2026-02-07 20:39:50 | attempt type=wine n=1
2026-02-07 20:39:50 | ok type=wine n=1 line=2026-02-07 20:39:50,2026-02-07,1,0,0
2026-02-07 20:59:10 | attempt type=strong n=1
2026-02-07 20:59:10 | ok type=strong n=1 line=2026-02-07 20:59:10,2026-02-07,0,0,1
2026-02-08 00:07:07 | attempt type=beer n=1
2026-02-08 00:07:07 | ok type=beer n=1 line=2026-02-08 00:07:07,2026-02-07,0,1,0
2026-02-08 00:16:53 | attempt type=beer n=1
2026-02-08 00:16:53 | ok type=beer n=1 line=2026-02-08 00:16:53,2026-02-07,0,1,0
2026-02-08 01:00:59 | attempt type=beer n=1
2026-02-08 01:00:59 | ok type=beer n=1 line=2026-02-08 01:00:59,2026-02-07,0,1,0
2026-02-08 01:37:07 | attempt type=beer n=1
2026-02-08 01:37:07 | ok type=beer n=1 line=2026-02-08 01:37:07,2026-02-07,0,1,0
2026-02-08 02:12:53 | attempt type=beer n=1
2026-02-08 02:12:53 | ok type=beer n=1 line=2026-02-08 02:12:53,2026-02-07,0,1,0
2026-02-08 02:37:03 | attempt type=beer n=1
2026-02-08 02:37:03 | ok type=beer n=1 line=2026-02-08 02:37:03,2026-02-07,0,1,0
2026-02-08 03:01:07 | attempt type=beer n=1
2026-02-08 03:01:07 | ok type=beer n=1 line=2026-02-08 03:01:07,2026-02-07,0,1,0
2026-02-08 17:15:20 | attempt type=beer n=1
2026-02-08 17:15:20 | ok type=beer n=1 line=2026-02-08 17:15:20,2026-02-08,0,1,0
2026-02-08 18:07:34 | attempt type=beer n=1
2026-02-08 18:07:34 | ok type=beer n=1 line=2026-02-08 18:07:34,2026-02-08,0,1,0
2026-02-08 18:33:59 | attempt type=beer n=1
2026-02-08 18:33:59 | ok type=beer n=1 line=2026-02-08 18:33:59,2026-02-08,0,1,0
2026-02-08 19:58:06 | attempt type=beer n=1
2026-02-08 19:58:06 | ok type=beer n=1 line=2026-02-08 19:58:06,2026-02-08,0,1,0
2026-02-08 21:24:22 | attempt type=wine n=1
2026-02-08 21:24:22 | ok type=wine n=1 line=2026-02-08 21:24:22,2026-02-08,1,0,0
2026-02-08 21:24:23 | attempt type=wine n=1
2026-02-08 21:24:23 | ok type=wine n=1 line=2026-02-08 21:24:23,2026-02-08,1,0,0
2026-02-08 21:24:25 | attempt type=wine n=1
2026-02-08 21:24:25 | ok type=wine n=1 line=2026-02-08 21:24:25,2026-02-08,1,0,0
2026-02-08 22:24:20 | attempt type=beer n=1
2026-02-08 22:24:20 | ok type=beer n=1 line=2026-02-08 22:24:20,2026-02-08,0,1,0
2026-02-08 23:33:39 | attempt type=strong n=1
2026-02-08 23:33:39 | ok type=strong n=1 line=2026-02-08 23:33:39,2026-02-08,0,0,1
